# JRE version: Java(TM) SE Runtime Environment (8.0_144-b01) (build 1.8.0_144-b01)
# Java VM: Java HotSpot(TM) 64-Bit Server VM (25.144-b01 mixed mode linux-amd64 compressed oops)
Heap:
 PSYoungGen      total 205824K, used 27586K [0x00000000d6e00000, 0x00000000f1480000, 0x0000000100000000)
  eden space 132608K, 0% used [0x00000000d6e00000,0x00000000d6e00000,0x00000000def80000)
  from space 73216K, 37% used [0x00000000e6800000,0x00000000e82f0870,0x00000000eaf80000)
  to   space 123392K, 0% used [0x00000000def80000,0x00000000def80000,0x00000000e6800000)
 ParOldGen       total 430080K, used 429985K [0x0000000084a00000, 0x000000009ee00000, 0x00000000d6e00000)
  object space 430080K, 99% used [0x0000000084a00000,0x000000009ede87e0,0x000000009ee00000)
 Metaspace       used 3192K, capacity 4486K, committed 4864K, reserved 1056768K
  class space    used 360K, capacity 386K, committed 512K, reserved 1048576K
GC Heap History (10 events):
Event: 6.810 GC heap after
Heap after GC invocations=8 (full 3):
 PSYoungGen      total 68608K, used 0K [0x00000000d6e00000, 0x00000000e4b80000, 0x0000000100000000)
  eden space 63488K, 0% used [0x00000000d6e00000,0x00000000d6e00000,0x00000000dac00000)
  from space 5120K, 0% used [0x00000000dac00000,0x00000000dac00000,0x00000000db100000)
  to   space 57856K, 0% used [0x00000000e1300000,0x00000000e1300000,0x00000000e4b80000)
 ParOldGen       total 288768K, used 188222K [0x0000000084a00000, 0x0000000096400000, 0x00000000d6e00000)
  object space 288768K, 65% used [0x0000000084a00000,0x00000000901cf870,0x0000000096400000)
 Metaspace       used 3192K, capacity 4486K, committed 4864K, reserved 1056768K
  class space    used 360K, capacity 386K, committed 512K, reserved 1048576K
}
Event: 6.817 GC heap before
{Heap before GC invocations=9 (full 3):
 PSYoungGen      total 68608K, used 63488K [0x00000000d6e00000, 0x00000000e4b80000, 0x0000000100000000)
  eden space 63488K, 100% used [0x00000000d6e00000,0x00000000dac00000,0x00000000dac00000)
  from space 5120K, 0% used [0x00000000dac00000,0x00000000dac00000,0x00000000db100000)
  to   space 57856K, 0% used [0x00000000e1300000,0x00000000e1300000,0x00000000e4b80000)
 ParOldGen       total 288768K, used 188222K [0x0000000084a00000, 0x0000000096400000, 0x00000000d6e00000)
  object space 288768K, 65% used [0x0000000084a00000,0x00000000901cf870,0x0000000096400000)
 Metaspace       used 3192K, capacity 4486K, committed 4864K, reserved 1056768K
  class space    used 360K, capacity 386K, committed 512K, reserved 1048576K
Event: 6.887 GC heap after
Heap after GC invocations=9 (full 3):
 PSYoungGen      total 161792K, used 57832K [0x00000000d6e00000, 0x00000000e5900000, 0x0000000100000000)
  eden space 103936K, 0% used [0x00000000d6e00000,0x00000000d6e00000,0x00000000dd380000)
  from space 57856K, 99% used [0x00000000e1300000,0x00000000e4b7a2d0,0x00000000e4b80000)
  to   space 65024K, 0% used [0x00000000dd380000,0x00000000dd380000,0x00000000e1300000)
 ParOldGen       total 288768K, used 193561K [0x0000000084a00000, 0x0000000096400000, 0x00000000d6e00000)
  object space 288768K, 67% used [0x0000000084a00000,0x00000000907067e0,0x0000000096400000)
 Metaspace       used 3192K, capacity 4486K, committed 4864K, reserved 1056768K
  class space    used 360K, capacity 386K, committed 512K, reserved 1048576K
}
Event: 6.925 GC heap before
{Heap before GC invocations=10 (full 3):
 PSYoungGen      total 161792K, used 161768K [0x00000000d6e00000, 0x00000000e5900000, 0x0000000100000000)
  eden space 103936K, 100% used [0x00000000d6e00000,0x00000000dd380000,0x00000000dd380000)
  from space 57856K, 99% used [0x00000000e1300000,0x00000000e4b7a2d0,0x00000000e4b80000)
  to   space 65024K, 0% used [0x00000000dd380000,0x00000000dd380000,0x00000000e1300000)
 ParOldGen       total 288768K, used 193561K [0x0000000084a00000, 0x0000000096400000, 0x00000000d6e00000)
  object space 288768K, 67% used [0x0000000084a00000,0x00000000907067e0,0x0000000096400000)
 Metaspace       used 3192K, capacity 4486K, committed 4864K, reserved 1056768K
  class space    used 360K, capacity 386K, committed 512K, reserved 1048576K
Event: 7.103 GC heap after
Heap after GC invocations=10 (full 3):
 PSYoungGen      total 168960K, used 65018K [0x00000000d6e00000, 0x00000000eaf80000, 0x0000000100000000)
  eden space 103936K, 0% used [0x00000000d6e00000,0x00000000d6e00000,0x00000000dd380000)
  from space 65024K, 99% used [0x00000000dd380000,0x00000000e12feab0,0x00000000e1300000)
  to   space 73216K, 0% used [0x00000000e6800000,0x00000000e6800000,0x00000000eaf80000)
 ParOldGen       total 289792K, used 289507K [0x0000000084a00000, 0x0000000096500000, 0x00000000d6e00000)
  object space 289792K, 99% used [0x0000000084a00000,0x00000000964b8c80,0x0000000096500000)
 Metaspace       used 3192K, capacity 4486K, committed 4864K, reserved 1056768K
  class space    used 360K, capacity 386K, committed 512K, reserved 1048576K
}
Event: 7.103 GC heap before
{Heap before GC invocations=11 (full 4):
 PSYoungGen      total 168960K, used 65018K [0x00000000d6e00000, 0x00000000eaf80000, 0x0000000100000000)
  eden space 103936K, 0% used [0x00000000d6e00000,0x00000000d6e00000,0x00000000dd380000)
  from space 65024K, 99% used [0x00000000dd380000,0x00000000e12feab0,0x00000000e1300000)
  to   space 73216K, 0% used [0x00000000e6800000,0x00000000e6800000,0x00000000eaf80000)
 ParOldGen       total 289792K, used 289507K [0x0000000084a00000, 0x0000000096500000, 0x00000000d6e00000)
  object space 289792K, 99% used [0x0000000084a00000,0x00000000964b8c80,0x0000000096500000)
 Metaspace       used 3192K, capacity 4486K, committed 4864K, reserved 1056768K
  class space    used 360K, capacity 386K, committed 512K, reserved 1048576K
Event: 7.141 GC heap after
Heap after GC invocations=11 (full 4):
 PSYoungGen      total 168960K, used 64978K [0x00000000d6e00000, 0x00000000eaf80000, 0x0000000100000000)
  eden space 103936K, 0% used [0x00000000d6e00000,0x00000000d6e00000,0x00000000dd380000)
  from space 65024K, 99% used [0x00000000dd380000,0x00000000e12f4898,0x00000000e1300000)
  to   space 73216K, 0% used [0x00000000e6800000,0x00000000e6800000,0x00000000eaf80000)
 ParOldGen       total 430080K, used 289452K [0x0000000084a00000, 0x000000009ee00000, 0x00000000d6e00000)
  object space 430080K, 67% used [0x0000000084a00000,0x00000000964ab0d8,0x000000009ee00000)
 Metaspace       used 3192K, capacity 4486K, committed 4864K, reserved 1056768K
  class space    used 360K, capacity 386K, committed 512K, reserved 1048576K
}
Event: 7.152 GC heap before
{Heap before GC invocations=12 (full 4):
 PSYoungGen      total 168960K, used 168902K [0x00000000d6e00000, 0x00000000eaf80000, 0x0000000100000000)
  eden space 103936K, 99% used [0x00000000d6e00000,0x00000000dd37d060,0x00000000dd380000)
  from space 65024K, 99% used [0x00000000dd380000,0x00000000e12f4898,0x00000000e1300000)
  to   space 73216K, 0% used [0x00000000e6800000,0x00000000e6800000,0x00000000eaf80000)
 ParOldGen       total 430080K, used 289452K [0x0000000084a00000, 0x000000009ee00000, 0x00000000d6e00000)
  object space 430080K, 67% used [0x0000000084a00000,0x00000000964ab0d8,0x000000009ee00000)
 Metaspace       used 3192K, capacity 4486K, committed 4864K, reserved 1056768K
  class space    used 360K, capacity 386K, committed 512K, reserved 1048576K
Event: 7.306 GC heap after
Heap after GC invocations=12 (full 4):
 PSYoungGen      total 205824K, used 73190K [0x00000000d6e00000, 0x00000000f1480000, 0x0000000100000000)
  eden space 132608K, 0% used [0x00000000d6e00000,0x00000000d6e00000,0x00000000def80000)
  from space 73216K, 99% used [0x00000000e6800000,0x00000000eaf79b70,0x00000000eaf80000)
  to   space 123392K, 0% used [0x00000000def80000,0x00000000def80000,0x00000000e6800000)
 ParOldGen       total 430080K, used 384429K [0x0000000084a00000, 0x000000009ee00000, 0x00000000d6e00000)
  object space 430080K, 89% used [0x0000000084a00000,0x000000009c16b4c8,0x000000009ee00000)
 Metaspace       used 3192K, capacity 4486K, committed 4864K, reserved 1056768K
  class space    used 360K, capacity 386K, committed 512K, reserved 1048576K
}
Event: 7.306 GC heap before
{Heap before GC invocations=13 (full 5):
 PSYoungGen      total 205824K, used 73190K [0x00000000d6e00000, 0x00000000f1480000, 0x0000000100000000)
  eden space 132608K, 0% used [0x00000000d6e00000,0x00000000d6e00000,0x00000000def80000)
  from space 73216K, 99% used [0x00000000e6800000,0x00000000eaf79b70,0x00000000eaf80000)
  to   space 123392K, 0% used [0x00000000def80000,0x00000000def80000,0x00000000e6800000)
 ParOldGen       total 430080K, used 384429K [0x0000000084a00000, 0x000000009ee00000, 0x00000000d6e00000)
  object space 430080K, 89% used [0x0000000084a00000,0x000000009c16b4c8,0x000000009ee00000)
 Metaspace       used 3192K, capacity 4486K, committed 4864K, reserved 1056768K
  class space    used 360K, capacity 386K, committed 512K, reserved 1048576K

